{"total": {"lines":{"total":1064,"covered":601,"skipped":0,"pct":56.48},"statements":{"total":1209,"covered":680,"skipped":0,"pct":56.24},"functions":{"total":204,"covered":106,"skipped":0,"pct":51.96},"branches":{"total":254,"covered":182,"skipped":0,"pct":71.65},"branchesTrue":{"total":0,"covered":0,"skipped":0,"pct":100}}
,"C:\\Users\\emirg\\OneDrive\\Desktop\\stellar-split\\backend\\src\\analytics\\analytics.controller.ts": {"lines":{"total":13,"covered":0,"skipped":0,"pct":0},"functions":{"total":2,"covered":0,"skipped":0,"pct":0},"statements":{"total":15,"covered":0,"skipped":0,"pct":0},"branches":{"total":0,"covered":0,"skipped":0,"pct":100}}
,"C:\\Users\\emirg\\OneDrive\\Desktop\\stellar-split\\backend\\src\\analytics\\analytics.service.ts": {"lines":{"total":9,"covered":9,"skipped":0,"pct":100},"functions":{"total":4,"covered":4,"skipped":0,"pct":100},"statements":{"total":11,"covered":11,"skipped":0,"pct":100},"branches":{"total":0,"covered":0,"skipped":0,"pct":100}}
,"C:\\Users\\emirg\\OneDrive\\Desktop\\stellar-split\\backend\\src\\audit\\audit.controller.ts": {"lines":{"total":19,"covered":0,"skipped":0,"pct":0},"functions":{"total":3,"covered":0,"skipped":0,"pct":0},"statements":{"total":23,"covered":0,"skipped":0,"pct":0},"branches":{"total":1,"covered":0,"skipped":0,"pct":0}}
,"C:\\Users\\emirg\\OneDrive\\Desktop\\stellar-split\\backend\\src\\audit\\audit.service.ts": {"lines":{"total":13,"covered":13,"skipped":0,"pct":100},"functions":{"total":4,"covered":4,"skipped":0,"pct":100},"statements":{"total":15,"covered":15,"skipped":0,"pct":100},"branches":{"total":28,"covered":27,"skipped":0,"pct":96.42}}
,"C:\\Users\\emirg\\OneDrive\\Desktop\\stellar-split\\backend\\src\\audit\\helpers\\scrub.helper.ts": {"lines":{"total":4,"covered":4,"skipped":0,"pct":100},"functions":{"total":2,"covered":2,"skipped":0,"pct":100},"statements":{"total":4,"covered":4,"skipped":0,"pct":100},"branches":{"total":2,"covered":2,"skipped":0,"pct":100}}
,"C:\\Users\\emirg\\OneDrive\\Desktop\\stellar-split\\backend\\src\\auth\\auth.controller.ts": {"lines":{"total":27,"covered":0,"skipped":0,"pct":0},"functions":{"total":5,"covered":0,"skipped":0,"pct":0},"statements":{"total":29,"covered":0,"skipped":0,"pct":0},"branches":{"total":6,"covered":0,"skipped":0,"pct":0}}
,"C:\\Users\\emirg\\OneDrive\\Desktop\\stellar-split\\backend\\src\\auth\\auth.service.ts": {"lines":{"total":58,"covered":57,"skipped":0,"pct":98.27},"functions":{"total":7,"covered":6,"skipped":0,"pct":85.71},"statements":{"total":63,"covered":62,"skipped":0,"pct":98.41},"branches":{"total":8,"covered":8,"skipped":0,"pct":100}}
,"C:\\Users\\emirg\\OneDrive\\Desktop\\stellar-split\\backend\\src\\auth\\jwt.strategy.ts": {"lines":{"total":12,"covered":0,"skipped":0,"pct":0},"functions":{"total":3,"covered":0,"skipped":0,"pct":0},"statements":{"total":15,"covered":0,"skipped":0,"pct":0},"branches":{"total":3,"covered":0,"skipped":0,"pct":0}}
,"C:\\Users\\emirg\\OneDrive\\Desktop\\stellar-split\\backend\\src\\auth\\dto\\verify-wallet.dto.ts": {"lines":{"total":6,"covered":0,"skipped":0,"pct":0},"functions":{"total":0,"covered":0,"skipped":0,"pct":100},"statements":{"total":6,"covered":0,"skipped":0,"pct":0},"branches":{"total":0,"covered":0,"skipped":0,"pct":100}}
,"C:\\Users\\emirg\\OneDrive\\Desktop\\stellar-split\\backend\\src\\common\\config\\env.validation.ts": {"lines":{"total":42,"covered":37,"skipped":0,"pct":88.09},"functions":{"total":4,"covered":4,"skipped":0,"pct":100},"statements":{"total":44,"covered":37,"skipped":0,"pct":84.09},"branches":{"total":36,"covered":28,"skipped":0,"pct":77.77}}
,"C:\\Users\\emirg\\OneDrive\\Desktop\\stellar-split\\backend\\src\\common\\decorators\\current-user.decorator.ts": {"lines":{"total":4,"covered":0,"skipped":0,"pct":0},"functions":{"total":1,"covered":0,"skipped":0,"pct":0},"statements":{"total":4,"covered":0,"skipped":0,"pct":0},"branches":{"total":0,"covered":0,"skipped":0,"pct":100}}
,"C:\\Users\\emirg\\OneDrive\\Desktop\\stellar-split\\backend\\src\\common\\decorators\\public.decorator.ts": {"lines":{"total":3,"covered":0,"skipped":0,"pct":0},"functions":{"total":1,"covered":0,"skipped":0,"pct":0},"statements":{"total":5,"covered":0,"skipped":0,"pct":0},"branches":{"total":0,"covered":0,"skipped":0,"pct":100}}
,"C:\\Users\\emirg\\OneDrive\\Desktop\\stellar-split\\backend\\src\\common\\filters\\http-exception.filter.ts": {"lines":{"total":12,"covered":0,"skipped":0,"pct":0},"functions":{"total":2,"covered":0,"skipped":0,"pct":0},"statements":{"total":14,"covered":0,"skipped":0,"pct":0},"branches":{"total":9,"covered":0,"skipped":0,"pct":0}}
,"C:\\Users\\emirg\\OneDrive\\Desktop\\stellar-split\\backend\\src\\common\\guards\\jwt-auth.guard.ts": {"lines":{"total":10,"covered":0,"skipped":0,"pct":0},"functions":{"total":2,"covered":0,"skipped":0,"pct":0},"statements":{"total":13,"covered":0,"skipped":0,"pct":0},"branches":{"total":1,"covered":0,"skipped":0,"pct":0}}
,"C:\\Users\\emirg\\OneDrive\\Desktop\\stellar-split\\backend\\src\\common\\interceptors\\metrics.interceptor.ts": {"lines":{"total":14,"covered":0,"skipped":0,"pct":0},"functions":{"total":2,"covered":0,"skipped":0,"pct":0},"statements":{"total":16,"covered":0,"skipped":0,"pct":0},"branches":{"total":2,"covered":0,"skipped":0,"pct":0}}
,"C:\\Users\\emirg\\OneDrive\\Desktop\\stellar-split\\backend\\src\\common\\interceptors\\response.interceptor.ts": {"lines":{"total":5,"covered":0,"skipped":0,"pct":0},"functions":{"total":2,"covered":0,"skipped":0,"pct":0},"statements":{"total":7,"covered":0,"skipped":0,"pct":0},"branches":{"total":2,"covered":0,"skipped":0,"pct":0}}
,"C:\\Users\\emirg\\OneDrive\\Desktop\\stellar-split\\backend\\src\\common\\observability\\metrics.ts": {"lines":{"total":9,"covered":0,"skipped":0,"pct":0},"functions":{"total":0,"covered":0,"skipped":0,"pct":100},"statements":{"total":9,"covered":0,"skipped":0,"pct":0},"branches":{"total":0,"covered":0,"skipped":0,"pct":100}}
,"C:\\Users\\emirg\\OneDrive\\Desktop\\stellar-split\\backend\\src\\common\\observability\\sentry.ts": {"lines":{"total":10,"covered":0,"skipped":0,"pct":0},"functions":{"total":3,"covered":0,"skipped":0,"pct":0},"statements":{"total":12,"covered":0,"skipped":0,"pct":0},"branches":{"total":9,"covered":0,"skipped":0,"pct":0}}
,"C:\\Users\\emirg\\OneDrive\\Desktop\\stellar-split\\backend\\src\\common\\prisma\\prisma.service.ts": {"lines":{"total":11,"covered":3,"skipped":0,"pct":27.27},"functions":{"total":3,"covered":0,"skipped":0,"pct":0},"statements":{"total":13,"covered":5,"skipped":0,"pct":38.46},"branches":{"total":0,"covered":0,"skipped":0,"pct":100}}
,"C:\\Users\\emirg\\OneDrive\\Desktop\\stellar-split\\backend\\src\\events\\events.controller.ts": {"lines":{"total":14,"covered":0,"skipped":0,"pct":0},"functions":{"total":2,"covered":0,"skipped":0,"pct":0},"statements":{"total":17,"covered":0,"skipped":0,"pct":0},"branches":{"total":1,"covered":0,"skipped":0,"pct":0}}
,"C:\\Users\\emirg\\OneDrive\\Desktop\\stellar-split\\backend\\src\\events\\events.service.ts": {"lines":{"total":34,"covered":32,"skipped":0,"pct":94.11},"functions":{"total":8,"covered":6,"skipped":0,"pct":75},"statements":{"total":37,"covered":35,"skipped":0,"pct":94.59},"branches":{"total":2,"covered":2,"skipped":0,"pct":100}}
,"C:\\Users\\emirg\\OneDrive\\Desktop\\stellar-split\\backend\\src\\expenses\\expenses.controller.ts": {"lines":{"total":14,"covered":0,"skipped":0,"pct":0},"functions":{"total":4,"covered":0,"skipped":0,"pct":0},"statements":{"total":16,"covered":0,"skipped":0,"pct":0},"branches":{"total":0,"covered":0,"skipped":0,"pct":100}}
,"C:\\Users\\emirg\\OneDrive\\Desktop\\stellar-split\\backend\\src\\expenses\\expenses.service.ts": {"lines":{"total":53,"covered":53,"skipped":0,"pct":100},"functions":{"total":9,"covered":9,"skipped":0,"pct":100},"statements":{"total":63,"covered":63,"skipped":0,"pct":100},"branches":{"total":22,"covered":21,"skipped":0,"pct":95.45}}
,"C:\\Users\\emirg\\OneDrive\\Desktop\\stellar-split\\backend\\src\\expenses\\dto\\create-expense.dto.ts": {"lines":{"total":24,"covered":23,"skipped":0,"pct":95.83},"functions":{"total":3,"covered":2,"skipped":0,"pct":66.66},"statements":{"total":24,"covered":23,"skipped":0,"pct":95.83},"branches":{"total":4,"covered":4,"skipped":0,"pct":100}}
,"C:\\Users\\emirg\\OneDrive\\Desktop\\stellar-split\\backend\\src\\governance\\governance.controller.ts": {"lines":{"total":20,"covered":0,"skipped":0,"pct":0},"functions":{"total":6,"covered":0,"skipped":0,"pct":0},"statements":{"total":22,"covered":0,"skipped":0,"pct":0},"branches":{"total":0,"covered":0,"skipped":0,"pct":100}}
,"C:\\Users\\emirg\\OneDrive\\Desktop\\stellar-split\\backend\\src\\governance\\governance.service.ts": {"lines":{"total":35,"covered":35,"skipped":0,"pct":100},"functions":{"total":9,"covered":9,"skipped":0,"pct":100},"statements":{"total":44,"covered":43,"skipped":0,"pct":97.72},"branches":{"total":11,"covered":10,"skipped":0,"pct":90.9}}
,"C:\\Users\\emirg\\OneDrive\\Desktop\\stellar-split\\backend\\src\\governance\\dto\\cast-vote.dto.ts": {"lines":{"total":4,"covered":0,"skipped":0,"pct":0},"functions":{"total":0,"covered":0,"skipped":0,"pct":100},"statements":{"total":4,"covered":0,"skipped":0,"pct":0},"branches":{"total":0,"covered":0,"skipped":0,"pct":100}}
,"C:\\Users\\emirg\\OneDrive\\Desktop\\stellar-split\\backend\\src\\governance\\dto\\create-dispute.dto.ts": {"lines":{"total":8,"covered":0,"skipped":0,"pct":0},"functions":{"total":0,"covered":0,"skipped":0,"pct":100},"statements":{"total":8,"covered":0,"skipped":0,"pct":0},"branches":{"total":0,"covered":0,"skipped":0,"pct":100}}
,"C:\\Users\\emirg\\OneDrive\\Desktop\\stellar-split\\backend\\src\\governance\\dto\\create-proposal.dto.ts": {"lines":{"total":8,"covered":0,"skipped":0,"pct":0},"functions":{"total":1,"covered":0,"skipped":0,"pct":0},"statements":{"total":9,"covered":0,"skipped":0,"pct":0},"branches":{"total":0,"covered":0,"skipped":0,"pct":100}}
,"C:\\Users\\emirg\\OneDrive\\Desktop\\stellar-split\\backend\\src\\groups\\debt-simplification.ts": {"lines":{"total":23,"covered":23,"skipped":0,"pct":100},"functions":{"total":4,"covered":4,"skipped":0,"pct":100},"statements":{"total":29,"covered":29,"skipped":0,"pct":100},"branches":{"total":7,"covered":7,"skipped":0,"pct":100}}
,"C:\\Users\\emirg\\OneDrive\\Desktop\\stellar-split\\backend\\src\\groups\\groups.controller.ts": {"lines":{"total":29,"covered":0,"skipped":0,"pct":0},"functions":{"total":11,"covered":0,"skipped":0,"pct":0},"statements":{"total":31,"covered":0,"skipped":0,"pct":0},"branches":{"total":0,"covered":0,"skipped":0,"pct":100}}
,"C:\\Users\\emirg\\OneDrive\\Desktop\\stellar-split\\backend\\src\\groups\\groups.service.ts": {"lines":{"total":78,"covered":74,"skipped":0,"pct":94.87},"functions":{"total":19,"covered":17,"skipped":0,"pct":89.47},"statements":{"total":89,"covered":85,"skipped":0,"pct":95.5},"branches":{"total":25,"covered":25,"skipped":0,"pct":100}}
,"C:\\Users\\emirg\\OneDrive\\Desktop\\stellar-split\\backend\\src\\groups\\dto\\create-group.dto.ts": {"lines":{"total":9,"covered":9,"skipped":0,"pct":100},"functions":{"total":2,"covered":1,"skipped":0,"pct":50},"statements":{"total":10,"covered":9,"skipped":0,"pct":90},"branches":{"total":2,"covered":2,"skipped":0,"pct":100}}
,"C:\\Users\\emirg\\OneDrive\\Desktop\\stellar-split\\backend\\src\\groups\\dto\\update-group.dto.ts": {"lines":{"total":4,"covered":0,"skipped":0,"pct":0},"functions":{"total":0,"covered":0,"skipped":0,"pct":100},"statements":{"total":4,"covered":0,"skipped":0,"pct":0},"branches":{"total":0,"covered":0,"skipped":0,"pct":100}}
,"C:\\Users\\emirg\\OneDrive\\Desktop\\stellar-split\\backend\\src\\guardians\\guardians.controller.ts": {"lines":{"total":14,"covered":0,"skipped":0,"pct":0},"functions":{"total":4,"covered":0,"skipped":0,"pct":0},"statements":{"total":16,"covered":0,"skipped":0,"pct":0},"branches":{"total":0,"covered":0,"skipped":0,"pct":100}}
,"C:\\Users\\emirg\\OneDrive\\Desktop\\stellar-split\\backend\\src\\guardians\\guardians.service.ts": {"lines":{"total":23,"covered":23,"skipped":0,"pct":100},"functions":{"total":5,"covered":5,"skipped":0,"pct":100},"statements":{"total":30,"covered":30,"skipped":0,"pct":100},"branches":{"total":5,"covered":5,"skipped":0,"pct":100}}
,"C:\\Users\\emirg\\OneDrive\\Desktop\\stellar-split\\backend\\src\\guardians\\dto\\create-guardian.dto.ts": {"lines":{"total":5,"covered":0,"skipped":0,"pct":0},"functions":{"total":0,"covered":0,"skipped":0,"pct":100},"statements":{"total":5,"covered":0,"skipped":0,"pct":0},"branches":{"total":0,"covered":0,"skipped":0,"pct":100}}
,"C:\\Users\\emirg\\OneDrive\\Desktop\\stellar-split\\backend\\src\\health\\health.controller.ts": {"lines":{"total":17,"covered":0,"skipped":0,"pct":0},"functions":{"total":6,"covered":0,"skipped":0,"pct":0},"statements":{"total":19,"covered":0,"skipped":0,"pct":0},"branches":{"total":0,"covered":0,"skipped":0,"pct":100}}
,"C:\\Users\\emirg\\OneDrive\\Desktop\\stellar-split\\backend\\src\\metrics\\metrics.controller.ts": {"lines":{"total":13,"covered":0,"skipped":0,"pct":0},"functions":{"total":1,"covered":0,"skipped":0,"pct":0},"statements":{"total":16,"covered":0,"skipped":0,"pct":0},"branches":{"total":4,"covered":0,"skipped":0,"pct":0}}
,"C:\\Users\\emirg\\OneDrive\\Desktop\\stellar-split\\backend\\src\\notifications\\notification.worker.ts": {"lines":{"total":21,"covered":0,"skipped":0,"pct":0},"functions":{"total":2,"covered":0,"skipped":0,"pct":0},"statements":{"total":23,"covered":0,"skipped":0,"pct":0},"branches":{"total":3,"covered":0,"skipped":0,"pct":0}}
,"C:\\Users\\emirg\\OneDrive\\Desktop\\stellar-split\\backend\\src\\notifications\\notifications.controller.ts": {"lines":{"total":11,"covered":0,"skipped":0,"pct":0},"functions":{"total":3,"covered":0,"skipped":0,"pct":0},"statements":{"total":13,"covered":0,"skipped":0,"pct":0},"branches":{"total":0,"covered":0,"skipped":0,"pct":100}}
,"C:\\Users\\emirg\\OneDrive\\Desktop\\stellar-split\\backend\\src\\notifications\\notifications.service.ts": {"lines":{"total":18,"covered":18,"skipped":0,"pct":100},"functions":{"total":4,"covered":4,"skipped":0,"pct":100},"statements":{"total":20,"covered":20,"skipped":0,"pct":100},"branches":{"total":7,"covered":7,"skipped":0,"pct":100}}
,"C:\\Users\\emirg\\OneDrive\\Desktop\\stellar-split\\backend\\src\\recurring\\recurring.controller.ts": {"lines":{"total":16,"covered":0,"skipped":0,"pct":0},"functions":{"total":5,"covered":0,"skipped":0,"pct":0},"statements":{"total":18,"covered":0,"skipped":0,"pct":0},"branches":{"total":0,"covered":0,"skipped":0,"pct":100}}
,"C:\\Users\\emirg\\OneDrive\\Desktop\\stellar-split\\backend\\src\\recurring\\recurring.service.ts": {"lines":{"total":34,"covered":34,"skipped":0,"pct":100},"functions":{"total":8,"covered":8,"skipped":0,"pct":100},"statements":{"total":40,"covered":40,"skipped":0,"pct":100},"branches":{"total":12,"covered":9,"skipped":0,"pct":75}}
,"C:\\Users\\emirg\\OneDrive\\Desktop\\stellar-split\\backend\\src\\recurring\\dto\\create-recurring.dto.ts": {"lines":{"total":14,"covered":0,"skipped":0,"pct":0},"functions":{"total":1,"covered":0,"skipped":0,"pct":0},"statements":{"total":14,"covered":0,"skipped":0,"pct":0},"branches":{"total":2,"covered":0,"skipped":0,"pct":0}}
,"C:\\Users\\emirg\\OneDrive\\Desktop\\stellar-split\\backend\\src\\reputation\\reputation.controller.ts": {"lines":{"total":11,"covered":0,"skipped":0,"pct":0},"functions":{"total":3,"covered":0,"skipped":0,"pct":0},"statements":{"total":13,"covered":0,"skipped":0,"pct":0},"branches":{"total":0,"covered":0,"skipped":0,"pct":100}}
,"C:\\Users\\emirg\\OneDrive\\Desktop\\stellar-split\\backend\\src\\reputation\\reputation.service.ts": {"lines":{"total":17,"covered":16,"skipped":0,"pct":94.11},"functions":{"total":5,"covered":4,"skipped":0,"pct":80},"statements":{"total":20,"covered":19,"skipped":0,"pct":95},"branches":{"total":2,"covered":2,"skipped":0,"pct":100}}
,"C:\\Users\\emirg\\OneDrive\\Desktop\\stellar-split\\backend\\src\\settlements\\settlements.controller.ts": {"lines":{"total":12,"covered":0,"skipped":0,"pct":0},"functions":{"total":3,"covered":0,"skipped":0,"pct":0},"statements":{"total":14,"covered":0,"skipped":0,"pct":0},"branches":{"total":0,"covered":0,"skipped":0,"pct":100}}
,"C:\\Users\\emirg\\OneDrive\\Desktop\\stellar-split\\backend\\src\\settlements\\settlements.service.ts": {"lines":{"total":29,"covered":29,"skipped":0,"pct":100},"functions":{"total":4,"covered":4,"skipped":0,"pct":100},"statements":{"total":32,"covered":32,"skipped":0,"pct":100},"branches":{"total":9,"covered":8,"skipped":0,"pct":88.88}}
,"C:\\Users\\emirg\\OneDrive\\Desktop\\stellar-split\\backend\\src\\settlements\\dto\\create-settlement.dto.ts": {"lines":{"total":6,"covered":0,"skipped":0,"pct":0},"functions":{"total":0,"covered":0,"skipped":0,"pct":100},"statements":{"total":6,"covered":0,"skipped":0,"pct":0},"branches":{"total":0,"covered":0,"skipped":0,"pct":100}}
,"C:\\Users\\emirg\\OneDrive\\Desktop\\stellar-split\\backend\\src\\stellar\\stellar.service.ts": {"lines":{"total":35,"covered":35,"skipped":0,"pct":100},"functions":{"total":5,"covered":5,"skipped":0,"pct":100},"statements":{"total":38,"covered":38,"skipped":0,"pct":100},"branches":{"total":5,"covered":4,"skipped":0,"pct":80}}
,"C:\\Users\\emirg\\OneDrive\\Desktop\\stellar-split\\backend\\src\\uploads\\uploads.controller.ts": {"lines":{"total":14,"covered":0,"skipped":0,"pct":0},"functions":{"total":2,"covered":0,"skipped":0,"pct":0},"statements":{"total":19,"covered":0,"skipped":0,"pct":0},"branches":{"total":3,"covered":0,"skipped":0,"pct":0}}
,"C:\\Users\\emirg\\OneDrive\\Desktop\\stellar-split\\backend\\src\\uploads\\uploads.service.ts": {"lines":{"total":33,"covered":33,"skipped":0,"pct":100},"functions":{"total":2,"covered":2,"skipped":0,"pct":100},"statements":{"total":35,"covered":35,"skipped":0,"pct":100},"branches":{"total":7,"covered":7,"skipped":0,"pct":100}}
,"C:\\Users\\emirg\\OneDrive\\Desktop\\stellar-split\\backend\\src\\users\\users.controller.ts": {"lines":{"total":13,"covered":0,"skipped":0,"pct":0},"functions":{"total":3,"covered":0,"skipped":0,"pct":0},"statements":{"total":15,"covered":0,"skipped":0,"pct":0},"branches":{"total":0,"covered":0,"skipped":0,"pct":100}}
,"C:\\Users\\emirg\\OneDrive\\Desktop\\stellar-split\\backend\\src\\users\\users.service.ts": {"lines":{"total":13,"covered":13,"skipped":0,"pct":100},"functions":{"total":4,"covered":4,"skipped":0,"pct":100},"statements":{"total":15,"covered":15,"skipped":0,"pct":100},"branches":{"total":0,"covered":0,"skipped":0,"pct":100}}
,"C:\\Users\\emirg\\OneDrive\\Desktop\\stellar-split\\backend\\src\\workers\\recurring-expense.worker.ts": {"lines":{"total":29,"covered":0,"skipped":0,"pct":0},"functions":{"total":4,"covered":0,"skipped":0,"pct":0},"statements":{"total":33,"covered":0,"skipped":0,"pct":0},"branches":{"total":9,"covered":0,"skipped":0,"pct":0}}
,"C:\\Users\\emirg\\OneDrive\\Desktop\\stellar-split\\backend\\src\\workers\\stellar-tx-monitor.worker.ts": {"lines":{"total":28,"covered":28,"skipped":0,"pct":100},"functions":{"total":2,"covered":2,"skipped":0,"pct":100},"statements":{"total":30,"covered":30,"skipped":0,"pct":100},"branches":{"total":5,"covered":4,"skipped":0,"pct":80}}
}
