TN:
SF:src\analytics\analytics.controller.ts
FN:23,(anonymous_4)
FN:29,(anonymous_5)
FNF:2
FNH:0
FNDA:0,(anonymous_4)
FNDA:0,(anonymous_5)
DA:1,0
DA:2,0
DA:3,0
DA:4,0
DA:5,0
DA:9,0
DA:13,0
DA:17,0
DA:22,0
DA:23,0
DA:29,0
DA:31,0
DA:32,0
LF:13
LH:0
BRF:0
BRH:0
end_of_record
TN:
SF:src\analytics\analytics.service.ts
FN:14,(anonymous_2)
FN:16,(anonymous_3)
FN:20,(anonymous_4)
FN:21,(anonymous_5)
FNF:4
FNH:4
FNDA:3,(anonymous_2)
FNDA:3,(anonymous_3)
FNDA:2,(anonymous_4)
FNDA:1,(anonymous_5)
DA:1,1
DA:2,1
DA:4,1
DA:11,1
DA:12,3
DA:14,3
DA:18,3
DA:20,2
DA:21,1
LF:9
LH:9
BRF:0
BRH:0
end_of_record
TN:
SF:src\audit\audit.controller.ts
FN:12,(anonymous_4)
FN:21,(anonymous_5)
FN:37,(anonymous_6)
FNF:3
FNH:0
FNDA:0,(anonymous_4)
FNDA:0,(anonymous_5)
FNDA:0,(anonymous_6)
DA:1,0
DA:2,0
DA:3,0
DA:4,0
DA:5,0
DA:6,0
DA:7,0
DA:8,0
DA:11,0
DA:12,0
DA:13,0
DA:14,0
DA:20,0
DA:22,0
DA:23,0
DA:37,0
DA:42,0
DA:45,0
DA:47,0
LF:19
LH:0
BRDA:45,0,0,0
BRF:1
BRH:0
end_of_record
TN:
SF:src\audit\audit.service.ts
FN:27,(anonymous_2)
FN:33,(anonymous_3)
FN:51,(anonymous_4)
FN:56,(anonymous_5)
FNF:4
FNH:4
FNDA:16,(anonymous_2)
FNDA:6,(anonymous_3)
FNDA:1,(anonymous_4)
FNDA:10,(anonymous_5)
DA:1,5
DA:2,5
DA:3,5
DA:24,5
DA:25,16
DA:27,16
DA:34,6
DA:52,1
DA:60,10
DA:61,10
DA:72,10
DA:73,10
DA:74,10
LF:13
LH:13
BRDA:38,0,0,6
BRDA:38,0,1,1
BRDA:39,1,0,6
BRDA:39,1,1,6
BRDA:40,2,0,6
BRDA:40,2,1,1
BRDA:44,3,0,1
BRDA:44,3,1,5
BRDA:45,4,0,1
BRDA:45,4,1,5
BRDA:46,5,0,6
BRDA:46,5,1,6
BRDA:47,6,0,6
BRDA:47,6,1,6
BRDA:48,7,0,0
BRDA:48,7,1,6
BRDA:60,8,0,10
BRDA:60,8,1,7
BRDA:64,9,0,1
BRDA:64,9,1,9
BRDA:65,10,0,1
BRDA:65,10,1,9
BRDA:68,11,0,1
BRDA:68,11,1,9
BRDA:73,12,0,1
BRDA:73,12,1,9
BRDA:74,13,0,1
BRDA:74,13,1,9
BRF:28
BRH:27
end_of_record
TN:
SF:src\audit\helpers\scrub.helper.ts
FN:12,scrub
FN:14,(anonymous_1)
FNF:2
FNH:2
FNDA:2,scrub
FNDA:6,(anonymous_1)
DA:1,5
DA:12,5
DA:13,2
DA:15,6
LF:4
LH:4
BRDA:15,0,0,3
BRDA:15,0,1,3
BRF:2
BRH:2
end_of_record
TN:
SF:src\auth\auth.controller.ts
FN:24,(anonymous_4)
FN:31,(anonymous_5)
FN:42,(anonymous_6)
FN:61,(anonymous_7)
FN:81,(anonymous_8)
FNF:5
FNH:0
FNDA:0,(anonymous_4)
FNDA:0,(anonymous_5)
FNDA:0,(anonymous_6)
FNDA:0,(anonymous_7)
FNDA:0,(anonymous_8)
DA:1,0
DA:12,0
DA:13,0
DA:15,0
DA:16,0
DA:17,0
DA:18,0
DA:19,0
DA:23,0
DA:24,0
DA:31,0
DA:32,0
DA:33,0
DA:42,0
DA:46,0
DA:47,0
DA:54,0
DA:61,0
DA:65,0
DA:66,0
DA:67,0
DA:74,0
DA:81,0
DA:86,0
DA:87,0
DA:88,0
DA:89,0
LF:27
LH:0
BRDA:32,0,0,0
BRDA:32,0,1,0
BRDA:51,1,0,0
BRDA:51,1,1,0
BRDA:71,2,0,0
BRDA:71,2,1,0
BRF:6
BRH:0
end_of_record
TN:
SF:src\auth\auth.service.ts
FN:21,(anonymous_4)
FN:28,(anonymous_5)
FN:38,(anonymous_6)
FN:77,(anonymous_7)
FN:90,(anonymous_8)
FN:100,(anonymous_9)
FN:104,(anonymous_10)
FNF:7
FNH:6
FNDA:15,(anonymous_4)
FNDA:4,(anonymous_5)
FNDA:7,(anonymous_6)
FNDA:5,(anonymous_7)
FNDA:2,(anonymous_8)
FNDA:0,(anonymous_9)
FNDA:3,(anonymous_10)
DA:1,1
DA:7,1
DA:8,1
DA:10,1
DA:12,1
DA:13,1
DA:15,1
DA:18,1
DA:19,15
DA:22,15
DA:23,15
DA:24,15
DA:25,15
DA:29,4
DA:30,4
DA:31,4
DA:33,4
DA:34,4
DA:35,4
DA:39,7
DA:41,7
DA:42,7
DA:43,7
DA:44,3
DA:45,3
DA:48,4
DA:51,4
DA:52,4
DA:53,4
DA:54,4
DA:55,4
DA:56,3
DA:58,2
DA:59,2
DA:63,2
DA:69,2
DA:70,2
DA:71,2
DA:78,5
DA:79,4
DA:80,4
DA:81,4
DA:82,3
DA:84,1
DA:86,1
DA:87,1
DA:91,2
DA:92,1
DA:93,1
DA:97,1
DA:101,0
DA:105,3
DA:106,3
DA:107,3
DA:108,3
DA:109,3
DA:110,3
DA:113,3
LF:58
LH:57
BRDA:43,0,0,3
BRDA:56,1,0,1
BRDA:78,2,0,1
BRDA:81,3,0,3
BRDA:81,4,0,4
BRDA:81,4,1,3
BRDA:81,4,2,2
BRDA:91,5,0,1
BRF:8
BRH:8
end_of_record
TN:
SF:src\auth\jwt.strategy.ts
FN:10,(anonymous_2)
FN:18,(anonymous_3)
FN:25,(anonymous_4)
FNF:3
FNH:0
FNDA:0,(anonymous_2)
FNDA:0,(anonymous_3)
FNDA:0,(anonymous_4)
DA:1,0
DA:2,0
DA:3,0
DA:4,0
DA:5,0
DA:9,0
DA:12,0
DA:14,0
DA:18,0
DA:26,0
DA:27,0
DA:28,0
LF:12
LH:0
BRDA:18,0,0,0
BRDA:18,0,1,0
BRDA:27,1,0,0
BRF:3
BRH:0
end_of_record
TN:
SF:src\auth\dto\verify-wallet.dto.ts
FNF:0
FNH:0
DA:1,0
DA:2,0
DA:4,0
DA:8,0
DA:13,0
DA:18,0
LF:6
LH:0
BRF:0
BRH:0
end_of_record
TN:
SF:src\common\config\env.validation.ts
FN:21,validateEnv
FN:24,required
FN:33,requiredUrl
FN:41,requiredInt
FNF:4
FNH:4
FNDA:11,validateEnv
FNDA:66,required
FNDA:44,requiredUrl
FNDA:29,requiredInt
DA:21,1
DA:22,11
DA:25,66
DA:26,66
DA:27,10
DA:28,10
DA:30,56
DA:34,44
DA:35,44
DA:36,0
DA:38,44
DA:42,29
DA:43,29
DA:44,0
DA:45,0
DA:47,29
DA:48,29
DA:49,0
DA:50,0
DA:52,29
DA:53,29
DA:54,29
DA:57,11
DA:58,11
DA:59,11
DA:60,11
DA:61,11
DA:63,11
DA:64,11
DA:65,1
DA:68,11
DA:69,11
DA:71,11
DA:72,11
DA:73,1
DA:76,11
DA:77,11
DA:78,11
DA:79,1
DA:82,11
DA:83,8
DA:90,3
LF:42
LH:37
BRDA:26,0,0,10
BRDA:26,1,0,66
BRDA:26,1,1,56
BRDA:35,2,0,0
BRDA:35,3,0,44
BRDA:35,3,1,37
BRDA:35,3,2,18
BRDA:35,3,3,9
BRDA:43,4,0,0
BRDA:43,5,0,29
BRDA:43,5,1,0
BRDA:48,6,0,0
BRDA:52,7,0,0
BRDA:52,8,0,29
BRDA:52,8,1,29
BRDA:53,9,0,0
BRDA:53,10,0,29
BRDA:53,10,1,9
BRDA:57,11,0,11
BRDA:57,11,1,0
BRDA:58,12,0,9
BRDA:58,12,1,2
BRDA:64,13,0,1
BRDA:64,14,0,11
BRDA:64,14,1,9
BRDA:68,15,0,10
BRDA:68,15,1,1
BRDA:69,16,0,10
BRDA:69,16,1,1
BRDA:71,17,0,11
BRDA:71,17,1,0
BRDA:72,18,0,1
BRDA:78,19,0,1
BRDA:78,20,0,11
BRDA:78,20,1,10
BRDA:82,21,0,8
BRF:36
BRH:28
end_of_record
TN:
SF:src\common\decorators\current-user.decorator.ts
FN:11,(anonymous_0)
FNF:1
FNH:0
FNDA:0,(anonymous_0)
DA:1,0
DA:10,0
DA:12,0
DA:13,0
LF:4
LH:0
BRF:0
BRH:0
end_of_record
TN:
SF:src\common\decorators\public.decorator.ts
FN:4,(anonymous_0)
FNF:1
FNH:0
FNDA:0,(anonymous_0)
DA:1,0
DA:3,0
DA:4,0
LF:3
LH:0
BRF:0
BRH:0
end_of_record
TN:
SF:src\common\filters\http-exception.filter.ts
FN:12,(anonymous_1)
FN:15,(anonymous_2)
FNF:2
FNH:0
FNDA:0,(anonymous_1)
FNDA:0,(anonymous_2)
DA:1,0
DA:12,0
DA:13,0
DA:16,0
DA:17,0
DA:18,0
DA:21,0
DA:26,0
DA:31,0
DA:33,0
DA:34,0
DA:40,0
LF:12
LH:0
BRDA:21,0,0,0
BRDA:21,0,1,0
BRDA:26,1,0,0
BRDA:26,1,1,0
BRDA:31,2,0,0
BRDA:31,2,1,0
BRDA:33,3,0,0
BRDA:47,4,0,0
BRDA:47,4,1,0
BRF:9
BRH:0
end_of_record
TN:
SF:src\common\guards\jwt-auth.guard.ts
FN:8,(anonymous_2)
FN:12,(anonymous_3)
FNF:2
FNH:0
FNDA:0,(anonymous_2)
FNDA:0,(anonymous_3)
DA:1,0
DA:2,0
DA:3,0
DA:4,0
DA:7,0
DA:8,0
DA:9,0
DA:13,0
DA:17,0
DA:18,0
LF:10
LH:0
BRDA:17,0,0,0
BRF:1
BRH:0
end_of_record
TN:
SF:src\common\interceptors\metrics.interceptor.ts
FN:9,(anonymous_1)
FN:19,(anonymous_2)
FNF:2
FNH:0
FNDA:0,(anonymous_1)
FNDA:0,(anonymous_2)
DA:1,0
DA:3,0
DA:5,0
DA:8,0
DA:10,0
DA:11,0
DA:12,0
DA:13,0
DA:16,0
DA:18,0
DA:20,0
DA:21,0
DA:22,0
DA:23,0
LF:14
LH:0
BRDA:16,0,0,0
BRDA:16,0,1,0
BRF:2
BRH:0
end_of_record
TN:
SF:src\common\interceptors\response.interceptor.ts
FN:12,(anonymous_1)
FN:17,(anonymous_2)
FNF:2
FNH:0
FNDA:0,(anonymous_1)
FNDA:0,(anonymous_2)
DA:1,0
DA:8,0
DA:11,0
DA:16,0
DA:17,0
LF:5
LH:0
BRDA:19,0,0,0
BRDA:19,0,1,0
BRF:2
BRH:0
end_of_record
TN:
SF:src\common\observability\metrics.ts
FNF:0
FNH:0
DA:10,0
DA:12,0
DA:15,0
DA:22,0
DA:30,0
DA:39,0
DA:47,0
DA:56,0
DA:62,0
LF:9
LH:0
BRF:0
BRH:0
end_of_record
TN:
SF:src\common\observability\sentry.ts
FN:7,initSentry
FN:22,captureException
FN:24,(anonymous_2)
FNF:3
FNH:0
FNDA:0,initSentry
FNDA:0,captureException
FNDA:0,(anonymous_2)
DA:5,0
DA:7,0
DA:8,0
DA:9,0
DA:11,0
DA:22,0
DA:23,0
DA:24,0
DA:25,0
DA:26,0
LF:10
LH:0
BRDA:9,0,0,0
BRDA:13,1,0,0
BRDA:13,1,1,0
BRDA:14,2,0,0
BRDA:14,2,1,0
BRDA:15,3,0,0
BRDA:15,3,1,0
BRDA:23,4,0,0
BRDA:25,5,0,0
BRF:9
BRH:0
end_of_record
TN:
SF:src\common\prisma\prisma.service.ts
FN:5,(anonymous_1)
FN:8,(anonymous_2)
FN:18,(anonymous_3)
FNF:3
FNH:0
FNDA:0,(anonymous_1)
FNDA:0,(anonymous_2)
FNDA:0,(anonymous_3)
DA:1,14
DA:2,14
DA:5,14
DA:6,0
DA:9,0
DA:10,0
DA:11,0
DA:13,0
DA:14,0
DA:19,0
DA:20,0
LF:11
LH:3
BRF:0
BRH:0
end_of_record
TN:
SF:src\events\events.controller.ts
FN:20,(anonymous_4)
FN:44,(anonymous_5)
FNF:2
FNH:0
FNDA:0,(anonymous_4)
FNDA:0,(anonymous_5)
DA:1,0
DA:9,0
DA:12,0
DA:13,0
DA:14,0
DA:19,0
DA:21,0
DA:22,0
DA:44,0
DA:50,0
DA:53,0
DA:56,0
DA:57,0
DA:59,0
LF:14
LH:0
BRDA:53,0,0,0
BRF:1
BRH:0
end_of_record
TN:
SF:src\events\events.service.ts
FN:30,(anonymous_4)
FN:37,(anonymous_5)
FN:51,(anonymous_6)
FN:58,(anonymous_7)
FN:62,(anonymous_8)
FN:70,(anonymous_9)
FN:74,(anonymous_10)
FN:80,(anonymous_11)
FNF:8
FNH:6
FNDA:14,(anonymous_4)
FNDA:4,(anonymous_5)
FNDA:3,(anonymous_6)
FNDA:9,(anonymous_7)
FNDA:0,(anonymous_8)
FNDA:0,(anonymous_9)
FNDA:1,(anonymous_10)
FNDA:1,(anonymous_11)
DA:1,5
DA:2,5
DA:4,5
DA:5,5
DA:21,5
DA:22,5
DA:25,5
DA:26,14
DA:28,14
DA:31,14
DA:32,14
DA:35,14
DA:37,14
DA:38,4
DA:39,4
DA:40,4
DA:41,2
DA:42,2
DA:43,1
DA:45,1
DA:52,3
DA:53,3
DA:54,3
DA:60,9
DA:61,8
DA:62,8
DA:63,0
DA:67,9
DA:69,9
DA:70,0
DA:73,9
DA:74,1
DA:77,9
DA:81,1
LF:34
LH:32
BRDA:40,0,0,2
BRDA:60,1,0,8
BRF:2
BRH:2
end_of_record
TN:
SF:src\expenses\expenses.controller.ts
FN:24,(anonymous_4)
FN:28,(anonymous_5)
FN:39,(anonymous_6)
FN:46,(anonymous_7)
FNF:4
FNH:0
FNDA:0,(anonymous_4)
FNDA:0,(anonymous_5)
FNDA:0,(anonymous_6)
FNDA:0,(anonymous_7)
DA:1,0
DA:13,0
DA:14,0
DA:15,0
DA:16,0
DA:17,0
DA:23,0
DA:24,0
DA:28,0
DA:34,0
DA:39,0
DA:40,0
DA:46,0
DA:47,0
LF:14
LH:0
BRF:0
BRH:0
end_of_record
TN:
SF:src\expenses\expenses.service.ts
FN:17,(anonymous_2)
FN:23,(anonymous_3)
FN:41,(anonymous_4)
FN:58,(anonymous_5)
FN:64,(anonymous_6)
FN:65,(anonymous_7)
FN:104,(anonymous_8)
FN:111,(anonymous_9)
FN:146,(anonymous_10)
FNF:9
FNH:9
FNDA:31,(anonymous_2)
FNDA:4,(anonymous_3)
FNDA:13,(anonymous_4)
FNDA:16,(anonymous_5)
FNDA:6,(anonymous_6)
FNDA:5,(anonymous_7)
FNDA:7,(anonymous_8)
FNDA:9,(anonymous_9)
FNDA:17,(anonymous_10)
DA:1,2
DA:8,2
DA:9,2
DA:10,2
DA:11,2
DA:14,2
DA:15,31
DA:18,31
DA:19,31
DA:20,31
DA:24,4
DA:25,3
DA:26,3
DA:36,3
DA:37,3
DA:38,3
DA:42,13
DA:45,11
DA:46,11
DA:49,10
DA:54,10
DA:56,10
DA:57,6
DA:58,16
DA:59,4
DA:60,4
DA:61,1
DA:64,6
DA:65,3
DA:66,5
DA:67,5
DA:68,4
DA:72,8
DA:86,8
DA:88,8
DA:95,8
DA:101,8
DA:105,7
DA:109,7
DA:111,9
DA:112,6
DA:115,5
DA:116,1
DA:119,4
DA:120,1
DA:123,3
DA:128,3
DA:130,3
DA:137,3
DA:143,3
DA:147,17
DA:150,17
DA:151,14
LF:53
LH:53
BRDA:23,0,0,3
BRDA:29,1,0,0
BRDA:29,1,1,3
BRDA:37,2,0,1
BRDA:37,2,1,2
BRDA:38,3,0,1
BRDA:38,3,1,2
BRDA:46,4,0,1
BRDA:56,5,0,6
BRDA:56,5,1,4
BRDA:59,6,0,4
BRDA:59,7,0,4
BRDA:59,7,1,1
BRDA:60,8,0,1
BRDA:67,9,0,1
BRDA:109,10,0,1
BRDA:112,11,0,1
BRDA:115,12,0,1
BRDA:115,13,0,5
BRDA:115,13,1,2
BRDA:119,14,0,1
BRDA:150,15,0,3
BRF:22
BRH:21
end_of_record
TN:
SF:src\expenses\dto\create-expense.dto.ts
FN:16,(anonymous_2)
FN:22,(anonymous_3)
FN:77,(anonymous_4)
FNF:3
FNH:2
FNDA:2,(anonymous_2)
FNDA:2,(anonymous_3)
FNDA:0,(anonymous_4)
DA:1,2
DA:13,2
DA:14,2
DA:16,2
DA:17,2
DA:18,2
DA:19,2
DA:22,2
DA:23,2
DA:24,2
DA:27,2
DA:31,2
DA:36,2
DA:41,2
DA:44,2
DA:49,2
DA:54,2
DA:58,2
DA:63,2
DA:67,2
DA:71,2
DA:77,0
DA:78,2
DA:83,2
LF:24
LH:23
BRDA:16,0,0,2
BRDA:16,0,1,2
BRDA:22,1,0,2
BRDA:22,1,1,2
BRF:4
BRH:4
end_of_record
TN:
SF:src\governance\governance.controller.ts
FN:23,(anonymous_4)
FN:30,(anonymous_5)
FN:39,(anonymous_6)
FN:45,(anonymous_7)
FN:58,(anonymous_8)
FN:67,(anonymous_9)
FNF:6
FNH:0
FNDA:0,(anonymous_4)
FNDA:0,(anonymous_5)
FNDA:0,(anonymous_6)
FNDA:0,(anonymous_7)
FNDA:0,(anonymous_8)
FNDA:0,(anonymous_9)
DA:1,0
DA:10,0
DA:11,0
DA:12,0
DA:13,0
DA:14,0
DA:15,0
DA:16,0
DA:22,0
DA:23,0
DA:30,0
DA:34,0
DA:39,0
DA:40,0
DA:45,0
DA:50,0
DA:58,0
DA:62,0
DA:67,0
DA:68,0
LF:20
LH:0
BRF:0
BRH:0
end_of_record
TN:
SF:src\governance\governance.service.ts
FN:14,(anonymous_2)
FN:18,(anonymous_3)
FN:30,(anonymous_4)
FN:48,(anonymous_5)
FN:76,(anonymous_6)
FN:87,(anonymous_7)
FN:106,(anonymous_8)
FN:114,(anonymous_9)
FN:126,(anonymous_10)
FNF:9
FNH:9
FNDA:18,(anonymous_2)
FNDA:2,(anonymous_3)
FNDA:3,(anonymous_4)
FNDA:9,(anonymous_5)
FNDA:2,(anonymous_6)
FNDA:2,(anonymous_7)
FNDA:15,(anonymous_8)
FNDA:4,(anonymous_9)
FNDA:6,(anonymous_10)
DA:1,1
DA:7,1
DA:13,1
DA:14,18
DA:19,2
DA:20,1
DA:31,3
DA:32,2
DA:49,9
DA:52,9
DA:53,8
DA:54,2
DA:57,6
DA:59,5
DA:62,5
DA:64,4
DA:69,4
DA:71,4
DA:77,2
DA:78,1
DA:88,2
DA:89,1
DA:107,15
DA:110,15
DA:111,10
DA:119,4
DA:124,4
DA:126,6
DA:127,4
DA:128,4
DA:130,4
DA:131,4
DA:132,3
DA:134,4
DA:135,2
LF:35
LH:35
BRDA:38,0,0,2
BRDA:38,0,1,1
BRDA:52,1,0,1
BRDA:53,2,0,2
BRDA:62,3,0,1
BRDA:110,4,0,5
BRDA:124,5,0,0
BRDA:131,6,0,1
BRDA:131,6,1,3
BRDA:132,7,0,1
BRDA:134,8,0,2
BRF:11
BRH:10
end_of_record
TN:
SF:src\governance\dto\cast-vote.dto.ts
FNF:0
FNH:0
DA:1,0
DA:2,0
DA:4,0
DA:7,0
LF:4
LH:0
BRF:0
BRH:0
end_of_record
TN:
SF:src\governance\dto\create-dispute.dto.ts
FNF:0
FNH:0
DA:1,0
DA:2,0
DA:4,0
DA:8,0
DA:13,0
DA:18,0
DA:23,0
DA:28,0
LF:8
LH:0
BRF:0
BRH:0
end_of_record
TN:
SF:src\governance\dto\create-proposal.dto.ts
FN:4,(anonymous_2)
FNF:1
FNH:0
FNDA:0,(anonymous_2)
DA:1,0
DA:2,0
DA:4,0
DA:8,0
DA:15,0
DA:20,0
DA:26,0
DA:30,0
LF:8
LH:0
BRF:0
BRH:0
end_of_record
TN:
SF:src\groups\debt-simplification.ts
FN:29,simplifyDebts
FN:40,(anonymous_1)
FN:41,(anonymous_2)
FN:69,roundToStroops
FNF:4
FNH:4
FNDA:13,simplifyDebts
FNDA:8,(anonymous_1)
FNDA:8,(anonymous_2)
FNDA:20,roundToStroops
DA:27,3
DA:29,3
DA:31,13
DA:32,13
DA:34,13
DA:35,42
DA:36,25
DA:40,13
DA:41,13
DA:43,13
DA:44,13
DA:45,13
DA:47,13
DA:48,20
DA:49,20
DA:50,20
DA:52,20
DA:58,20
DA:59,20
DA:61,20
DA:62,20
DA:65,13
DA:70,20
LF:23
LH:23
BRDA:35,0,0,17
BRDA:35,0,1,25
BRDA:36,1,0,17
BRDA:47,2,0,33
BRDA:47,2,1,20
BRDA:61,3,0,17
BRDA:62,4,0,17
BRF:7
BRH:7
end_of_record
TN:
SF:src\groups\groups.controller.ts
FN:26,(anonymous_4)
FN:33,(anonymous_5)
FN:44,(anonymous_6)
FN:50,(anonymous_7)
FN:56,(anonymous_8)
FN:67,(anonymous_9)
FN:73,(anonymous_10)
FN:84,(anonymous_11)
FN:90,(anonymous_12)
FN:96,(anonymous_13)
FN:102,(anonymous_14)
FNF:11
FNH:0
FNDA:0,(anonymous_4)
FNDA:0,(anonymous_5)
FNDA:0,(anonymous_6)
FNDA:0,(anonymous_7)
FNDA:0,(anonymous_8)
FNDA:0,(anonymous_9)
FNDA:0,(anonymous_10)
FNDA:0,(anonymous_11)
FNDA:0,(anonymous_12)
FNDA:0,(anonymous_13)
FNDA:0,(anonymous_14)
DA:1,0
DA:14,0
DA:15,0
DA:16,0
DA:17,0
DA:18,0
DA:19,0
DA:25,0
DA:26,0
DA:33,0
DA:39,0
DA:44,0
DA:45,0
DA:50,0
DA:51,0
DA:56,0
DA:61,0
DA:67,0
DA:68,0
DA:73,0
DA:78,0
DA:84,0
DA:85,0
DA:90,0
DA:91,0
DA:96,0
DA:97,0
DA:102,0
DA:103,0
LF:29
LH:0
BRF:0
BRH:0
end_of_record
TN:
SF:src\groups\groups.service.ts
FN:19,(anonymous_2)
FN:25,(anonymous_3)
FN:44,(anonymous_4)
FN:54,(anonymous_5)
FN:59,(anonymous_6)
FN:67,(anonymous_7)
FN:79,(anonymous_8)
FN:80,(anonymous_9)
FN:96,(anonymous_10)
FN:101,(anonymous_11)
FN:107,(anonymous_12)
FN:128,(anonymous_13)
FN:146,(anonymous_14)
FN:165,(anonymous_15)
FN:168,(anonymous_16)
FN:178,(anonymous_17)
FN:182,(anonymous_18)
FN:187,(anonymous_19)
FN:195,(anonymous_20)
FNF:19
FNH:17
FNDA:43,(anonymous_2)
FNDA:4,(anonymous_3)
FNDA:5,(anonymous_4)
FNDA:4,(anonymous_5)
FNDA:14,(anonymous_6)
FNDA:16,(anonymous_7)
FNDA:16,(anonymous_8)
FNDA:15,(anonymous_9)
FNDA:3,(anonymous_10)
FNDA:2,(anonymous_11)
FNDA:5,(anonymous_12)
FNDA:3,(anonymous_13)
FNDA:5,(anonymous_14)
FNDA:5,(anonymous_15)
FNDA:0,(anonymous_16)
FNDA:0,(anonymous_17)
FNDA:2,(anonymous_18)
FNDA:10,(anonymous_19)
FNDA:5,(anonymous_20)
DA:1,2
DA:8,2
DA:9,2
DA:10,2
DA:13,2
DA:16,2
DA:17,43
DA:20,43
DA:21,43
DA:22,43
DA:26,4
DA:27,4
DA:31,4
DA:38,4
DA:39,4
DA:40,4
DA:41,4
DA:45,5
DA:53,5
DA:54,4
DA:55,4
DA:56,2
DA:61,14
DA:62,14
DA:63,11
DA:67,16
DA:70,14
DA:79,16
DA:80,15
DA:87,14
DA:88,14
DA:93,14
DA:97,3
DA:98,1
DA:102,2
DA:103,1
DA:104,1
DA:108,5
DA:109,5
DA:110,4
DA:111,1
DA:113,3
DA:116,3
DA:117,2
DA:118,2
DA:120,2
DA:121,2
DA:125,2
DA:129,3
DA:132,3
DA:133,2
DA:134,1
DA:136,1
DA:137,1
DA:139,1
DA:140,1
DA:147,5
DA:148,4
DA:154,4
DA:155,4
DA:156,3
DA:158,3
DA:160,3
DA:161,6
DA:165,5
DA:169,0
DA:170,0
DA:171,0
DA:178,0
DA:183,2
DA:184,1
DA:188,10
DA:191,10
DA:192,8
DA:196,5
DA:197,4
DA:198,2
DA:200,2
LF:78
LH:74
BRDA:25,0,0,2
BRDA:29,1,0,1
BRDA:29,1,1,3
BRDA:34,2,0,1
BRDA:34,2,1,3
BRDA:39,3,0,1
BRDA:39,3,1,3
BRDA:40,4,0,1
BRDA:40,4,1,3
BRDA:53,5,0,1
BRDA:55,6,0,2
BRDA:62,7,0,11
BRDA:109,8,0,1
BRDA:110,9,0,1
BRDA:110,10,0,4
BRDA:110,10,1,2
BRDA:116,11,0,1
BRDA:132,12,0,1
BRDA:133,13,0,1
BRDA:158,14,0,3
BRDA:158,14,1,3
BRDA:161,15,0,6
BRDA:161,15,1,2
BRDA:191,16,0,2
BRDA:197,17,0,2
BRF:25
BRH:25
end_of_record
TN:
SF:src\groups\dto\create-group.dto.ts
FN:4,(anonymous_2)
FN:9,(anonymous_3)
FNF:2
FNH:1
FNDA:2,(anonymous_2)
FNDA:0,(anonymous_3)
DA:1,2
DA:2,2
DA:4,2
DA:5,2
DA:6,2
DA:9,2
DA:14,2
DA:18,2
DA:24,2
LF:9
LH:9
BRDA:4,0,0,2
BRDA:4,0,1,2
BRF:2
BRH:2
end_of_record
TN:
SF:src\groups\dto\update-group.dto.ts
FNF:0
FNH:0
DA:1,0
DA:2,0
DA:4,0
DA:10,0
LF:4
LH:0
BRF:0
BRH:0
end_of_record
TN:
SF:src\guardians\guardians.controller.ts
FN:13,(anonymous_4)
FN:17,(anonymous_5)
FN:23,(anonymous_6)
FN:30,(anonymous_7)
FNF:4
FNH:0
FNDA:0,(anonymous_4)
FNDA:0,(anonymous_5)
FNDA:0,(anonymous_6)
FNDA:0,(anonymous_7)
DA:1,0
DA:2,0
DA:3,0
DA:4,0
DA:5,0
DA:6,0
DA:12,0
DA:13,0
DA:17,0
DA:18,0
DA:23,0
DA:24,0
DA:30,0
DA:31,0
LF:14
LH:0
BRF:0
BRH:0
end_of_record
TN:
SF:src\guardians\guardians.service.ts
FN:15,(anonymous_2)
FN:17,(anonymous_3)
FN:27,(anonymous_4)
FN:52,(anonymous_5)
FN:60,(anonymous_6)
FNF:5
FNH:5
FNDA:9,(anonymous_2)
FNDA:2,(anonymous_3)
FNDA:4,(anonymous_4)
FNDA:3,(anonymous_5)
FNDA:6,(anonymous_6)
DA:1,1
DA:8,1
DA:12,1
DA:13,9
DA:15,9
DA:18,2
DA:19,1
DA:28,4
DA:30,3
DA:33,3
DA:35,2
DA:38,2
DA:40,1
DA:48,1
DA:49,1
DA:53,3
DA:54,3
DA:55,2
DA:56,1
DA:57,1
DA:61,6
DA:64,6
DA:65,4
LF:23
LH:23
BRDA:33,0,0,1
BRDA:38,1,0,1
BRDA:54,2,0,1
BRDA:55,3,0,1
BRDA:64,4,0,2
BRF:5
BRH:5
end_of_record
TN:
SF:src\guardians\dto\create-guardian.dto.ts
FNF:0
FNH:0
DA:1,0
DA:2,0
DA:4,0
DA:8,0
DA:12,0
LF:5
LH:0
BRF:0
BRH:0
end_of_record
TN:
SF:src\health\health.controller.ts
FN:10,(anonymous_2)
FN:21,(anonymous_3)
FN:23,(anonymous_4)
FN:31,(anonymous_5)
FN:33,(anonymous_6)
FN:34,(anonymous_7)
FNF:6
FNH:0
FNDA:0,(anonymous_2)
FNDA:0,(anonymous_3)
FNDA:0,(anonymous_4)
FNDA:0,(anonymous_5)
FNDA:0,(anonymous_6)
FNDA:0,(anonymous_7)
DA:1,0
DA:2,0
DA:3,0
DA:4,0
DA:5,0
DA:9,0
DA:11,0
DA:12,0
DA:13,0
DA:14,0
DA:21,0
DA:22,0
DA:23,0
DA:31,0
DA:32,0
DA:33,0
DA:34,0
LF:17
LH:0
BRF:0
BRH:0
end_of_record
TN:
SF:src\metrics\metrics.controller.ts
FN:23,(anonymous_4)
FNF:1
FNH:0
FNDA:0,(anonymous_4)
DA:1,0
DA:2,0
DA:4,0
DA:5,0
DA:18,0
DA:23,0
DA:24,0
DA:25,0
DA:27,0
DA:29,0
DA:32,0
DA:33,0
DA:34,0
LF:13
LH:0
BRDA:25,0,0,0
BRDA:27,1,0,0
BRDA:27,1,1,0
BRDA:29,2,0,0
BRF:4
BRH:0
end_of_record
TN:
SF:src\notifications\notification.worker.ts
FN:19,(anonymous_2)
FN:23,(anonymous_3)
FNF:2
FNH:0
FNDA:0,(anonymous_2)
FNDA:0,(anonymous_3)
DA:1,0
DA:2,0
DA:4,0
DA:5,0
DA:6,0
DA:16,0
DA:17,0
DA:19,0
DA:20,0
DA:24,0
DA:25,0
DA:27,0
DA:28,0
DA:30,0
DA:31,0
DA:32,0
DA:33,0
DA:34,0
DA:38,0
DA:40,0
DA:41,0
LF:21
LH:0
BRDA:30,0,0,0
BRDA:33,1,0,0
BRDA:33,1,1,0
BRF:3
BRH:0
end_of_record
TN:
SF:src\notifications\notifications.controller.ts
FN:12,(anonymous_4)
FN:16,(anonymous_5)
FN:27,(anonymous_6)
FNF:3
FNH:0
FNDA:0,(anonymous_4)
FNDA:0,(anonymous_5)
FNDA:0,(anonymous_6)
DA:1,0
DA:2,0
DA:3,0
DA:4,0
DA:5,0
DA:11,0
DA:12,0
DA:16,0
DA:21,0
DA:27,0
DA:28,0
LF:11
LH:0
BRF:0
BRH:0
end_of_record
TN:
SF:src\notifications\notifications.service.ts
FN:12,(anonymous_4)
FN:17,(anonymous_5)
FN:30,(anonymous_6)
FN:37,(anonymous_7)
FNF:4
FNH:4
FNDA:14,(anonymous_4)
FNDA:7,(anonymous_5)
FNDA:3,(anonymous_6)
FNDA:4,(anonymous_7)
DA:1,1
DA:2,1
DA:3,1
DA:4,1
DA:9,1
DA:10,14
DA:13,14
DA:14,14
DA:18,7
DA:19,7
DA:25,7
DA:26,7
DA:27,7
DA:31,3
DA:38,4
DA:42,4
DA:48,4
DA:49,4
LF:18
LH:18
BRDA:17,0,0,5
BRDA:22,1,0,1
BRDA:22,1,1,6
BRDA:26,2,0,1
BRDA:26,2,1,6
BRDA:27,3,0,1
BRDA:27,3,1,6
BRF:7
BRH:7
end_of_record
TN:
SF:src\recurring\recurring.controller.ts
FN:24,(anonymous_4)
FN:28,(anonymous_5)
FN:34,(anonymous_6)
FN:40,(anonymous_7)
FN:51,(anonymous_8)
FNF:5
FNH:0
FNDA:0,(anonymous_4)
FNDA:0,(anonymous_5)
FNDA:0,(anonymous_6)
FNDA:0,(anonymous_7)
FNDA:0,(anonymous_8)
DA:1,0
DA:13,0
DA:14,0
DA:15,0
DA:16,0
DA:17,0
DA:23,0
DA:24,0
DA:28,0
DA:29,0
DA:34,0
DA:35,0
DA:40,0
DA:45,0
DA:51,0
DA:52,0
LF:16
LH:0
BRF:0
BRH:0
end_of_record
TN:
SF:src\recurring\recurring.service.ts
FN:16,(anonymous_4)
FN:21,(anonymous_5)
FN:29,(anonymous_6)
FN:39,(anonymous_7)
FN:67,(anonymous_8)
FN:81,(anonymous_9)
FN:91,(anonymous_10)
FN:97,(anonymous_11)
FNF:8
FNH:8
FNDA:15,(anonymous_4)
FNDA:2,(anonymous_5)
FNDA:5,(anonymous_6)
FNDA:2,(anonymous_7)
FNDA:4,(anonymous_8)
FNDA:4,(anonymous_9)
FNDA:8,(anonymous_10)
FNDA:13,(anonymous_11)
DA:1,1
DA:7,1
DA:8,1
DA:9,1
DA:13,1
DA:14,15
DA:17,15
DA:18,15
DA:22,2
DA:23,1
DA:30,5
DA:33,4
DA:34,4
DA:35,1
DA:39,2
DA:42,4
DA:54,4
DA:63,4
DA:64,4
DA:68,4
DA:69,3
DA:70,2
DA:82,4
DA:83,3
DA:85,2
DA:86,2
DA:87,2
DA:88,2
DA:92,8
DA:93,8
DA:94,6
DA:98,13
DA:101,13
DA:102,9
LF:34
LH:34
BRDA:34,0,0,1
BRDA:73,1,0,1
BRDA:73,1,1,1
BRDA:74,2,0,2
BRDA:74,2,1,0
BRDA:75,3,0,0
BRDA:75,3,1,2
BRDA:76,4,0,0
BRDA:76,4,1,2
BRDA:86,5,0,1
BRDA:93,6,0,2
BRDA:101,7,0,4
BRF:12
BRH:9
end_of_record
TN:
SF:src\recurring\dto\create-recurring.dto.ts
FN:15,(anonymous_2)
FNF:1
FNH:0
FNDA:0,(anonymous_2)
DA:1,0
DA:13,0
DA:15,0
DA:16,0
DA:17,0
DA:18,0
DA:19,0
DA:22,0
DA:25,0
DA:31,0
DA:36,0
DA:40,0
DA:44,0
DA:50,0
LF:14
LH:0
BRDA:15,0,0,0
BRDA:15,0,1,0
BRF:2
BRH:0
end_of_record
TN:
SF:src\reputation\reputation.controller.ts
FN:12,(anonymous_4)
FN:16,(anonymous_5)
FN:22,(anonymous_6)
FNF:3
FNH:0
FNDA:0,(anonymous_4)
FNDA:0,(anonymous_5)
FNDA:0,(anonymous_6)
DA:1,0
DA:2,0
DA:3,0
DA:4,0
DA:5,0
DA:11,0
DA:12,0
DA:16,0
DA:17,0
DA:22,0
DA:23,0
LF:11
LH:0
BRF:0
BRH:0
end_of_record
TN:
SF:src\reputation\reputation.service.ts
FN:8,(anonymous_2)
FN:10,(anonymous_3)
FN:33,(anonymous_4)
FN:40,(anonymous_5)
FN:51,(anonymous_6)
FNF:5
FNH:4
FNDA:10,(anonymous_2)
FNDA:3,(anonymous_3)
FNDA:0,(anonymous_4)
FNDA:7,(anonymous_5)
FNDA:7,(anonymous_6)
DA:1,2
DA:2,2
DA:5,2
DA:6,10
DA:8,10
DA:11,3
DA:23,3
DA:24,2
DA:34,0
DA:41,7
DA:45,7
DA:47,7
DA:48,7
DA:52,7
DA:57,7
DA:58,21
DA:59,11
LF:17
LH:16
BRDA:23,0,0,1
BRDA:58,1,0,11
BRF:2
BRH:2
end_of_record
TN:
SF:src\settlements\settlements.controller.ts
FN:13,(anonymous_4)
FN:17,(anonymous_5)
FN:28,(anonymous_6)
FNF:3
FNH:0
FNDA:0,(anonymous_4)
FNDA:0,(anonymous_5)
FNDA:0,(anonymous_6)
DA:1,0
DA:2,0
DA:3,0
DA:4,0
DA:5,0
DA:6,0
DA:12,0
DA:13,0
DA:17,0
DA:23,0
DA:28,0
DA:29,0
LF:12
LH:0
BRF:0
BRH:0
end_of_record
TN:
SF:src\settlements\settlements.service.ts
FN:16,(anonymous_4)
FN:22,(anonymous_5)
FN:37,(anonymous_6)
FN:78,(anonymous_7)
FNF:4
FNH:4
FNDA:23,(anonymous_4)
FNDA:5,(anonymous_5)
FNDA:10,(anonymous_6)
FNDA:15,(anonymous_7)
DA:1,2
DA:6,2
DA:7,2
DA:8,2
DA:9,2
DA:13,2
DA:14,23
DA:17,23
DA:18,23
DA:19,23
DA:23,5
DA:24,4
DA:25,4
DA:32,4
DA:33,4
DA:34,4
DA:38,10
DA:41,8
DA:42,8
DA:43,3
DA:44,3
DA:47,5
DA:58,5
DA:64,5
DA:69,5
DA:75,5
DA:79,15
DA:82,15
DA:83,12
LF:29
LH:29
BRDA:22,0,0,4
BRDA:28,1,0,0
BRDA:28,1,1,4
BRDA:33,2,0,1
BRDA:33,2,1,3
BRDA:34,3,0,1
BRDA:34,3,1,3
BRDA:42,4,0,3
BRDA:82,5,0,3
BRF:9
BRH:8
end_of_record
TN:
SF:src\settlements\dto\create-settlement.dto.ts
FNF:0
FNH:0
DA:1,0
DA:2,0
DA:4,0
DA:7,0
DA:12,0
DA:17,0
LF:6
LH:0
BRF:0
BRH:0
end_of_record
TN:
SF:src\stellar\stellar.service.ts
FN:12,(anonymous_2)
FN:21,(anonymous_3)
FN:37,(anonymous_4)
FN:47,(anonymous_5)
FN:65,(anonymous_6)
FNF:5
FNH:5
FNDA:10,(anonymous_2)
FNDA:3,(anonymous_3)
FNDA:1,(anonymous_4)
FNDA:3,(anonymous_5)
FNDA:3,(anonymous_6)
DA:1,2
DA:2,2
DA:3,2
DA:4,2
DA:7,2
DA:8,10
DA:12,10
DA:13,10
DA:14,10
DA:22,3
DA:23,3
DA:24,1
DA:25,1
DA:27,2
DA:28,2
DA:29,1
DA:30,1
DA:38,1
DA:39,1
DA:40,1
DA:48,3
DA:49,3
DA:50,3
DA:51,3
DA:52,3
DA:53,2
DA:54,2
DA:56,1
DA:57,1
DA:66,3
DA:67,3
DA:68,2
DA:69,2
DA:70,2
DA:72,1
LF:35
LH:35
BRDA:28,0,0,1
BRDA:51,1,0,0
BRDA:51,1,1,3
BRDA:54,2,0,2
BRDA:54,2,1,1
BRF:5
BRH:4
end_of_record
TN:
SF:src\uploads\uploads.controller.ts
FN:22,(anonymous_4)
FN:33,(anonymous_5)
FNF:2
FNH:0
FNDA:0,(anonymous_4)
FNDA:0,(anonymous_5)
DA:1,0
DA:10,0
DA:11,0
DA:12,0
DA:13,0
DA:14,0
DA:15,0
DA:21,0
DA:22,0
DA:33,0
DA:39,0
DA:40,0
DA:41,0
DA:42,0
LF:14
LH:0
BRDA:39,0,0,0
BRDA:40,1,0,0
BRDA:41,2,0,0
BRF:3
BRH:0
end_of_record
TN:
SF:src\uploads\uploads.service.ts
FN:20,(anonymous_2)
FN:39,(anonymous_3)
FNF:2
FNH:2
FNDA:5,(anonymous_2)
FNDA:6,(anonymous_3)
DA:1,1
DA:2,1
DA:3,1
DA:4,1
DA:5,1
DA:6,1
DA:8,1
DA:9,1
DA:12,1
DA:13,5
DA:20,5
DA:21,5
DA:22,5
DA:23,5
DA:24,5
DA:25,5
DA:27,5
DA:34,5
DA:35,1
DA:44,6
DA:45,1
DA:47,5
DA:48,1
DA:50,4
DA:51,1
DA:55,3
DA:59,3
DA:60,3
DA:62,3
DA:73,3
DA:79,3
DA:80,3
DA:81,3
LF:33
LH:33
BRDA:25,0,0,5
BRDA:25,0,1,4
BRDA:25,0,2,4
BRDA:34,1,0,1
BRDA:44,2,0,1
BRDA:47,3,0,1
BRDA:50,4,0,1
BRF:7
BRH:7
end_of_record
TN:
SF:src\users\users.controller.ts
FN:11,(anonymous_4)
FN:20,(anonymous_5)
FN:42,(anonymous_6)
FNF:3
FNH:0
FNDA:0,(anonymous_4)
FNDA:0,(anonymous_5)
FNDA:0,(anonymous_6)
DA:1,0
DA:2,0
DA:4,0
DA:5,0
DA:10,0
DA:11,0
DA:20,0
DA:24,0
DA:26,0
DA:27,0
DA:31,0
DA:42,0
DA:43,0
LF:13
LH:0
BRF:0
BRH:0
end_of_record
TN:
SF:src\users\users.service.ts
FN:6,(anonymous_2)
FN:11,(anonymous_3)
FN:77,(anonymous_4)
FN:89,(anonymous_5)
FNF:4
FNH:4
FNDA:6,(anonymous_2)
FNDA:3,(anonymous_3)
FNDA:1,(anonymous_4)
FNDA:3,(anonymous_5)
DA:1,1
DA:2,1
DA:5,1
DA:6,6
DA:13,3
DA:74,3
DA:77,1
DA:91,3
DA:94,3
DA:95,3
DA:98,3
DA:101,3
DA:105,3
LF:13
LH:13
BRF:0
BRH:0
end_of_record
TN:
SF:src\workers\recurring-expense.worker.ts
FN:21,(anonymous_4)
FN:28,(anonymous_5)
FN:41,(anonymous_6)
FN:62,(anonymous_7)
FNF:4
FNH:0
FNDA:0,(anonymous_4)
FNDA:0,(anonymous_5)
FNDA:0,(anonymous_6)
FNDA:0,(anonymous_7)
DA:1,0
DA:2,0
DA:3,0
DA:4,0
DA:10,0
DA:18,0
DA:19,0
DA:22,0
DA:23,0
DA:25,0
DA:29,0
DA:30,0
DA:32,0
DA:33,0
DA:34,0
DA:38,0
DA:41,0
DA:43,0
DA:44,0
DA:47,0
DA:50,0
DA:52,0
DA:54,0
DA:62,0
DA:67,0
DA:68,0
DA:69,0
DA:72,0
DA:78,0
LF:29
LH:0
BRDA:32,0,0,0
BRDA:32,1,0,0
BRDA:32,1,1,0
BRDA:38,2,0,0
BRDA:38,2,1,0
BRDA:44,3,0,0
BRDA:50,4,0,0
BRDA:67,5,0,0
BRDA:67,5,1,0
BRF:9
BRH:0
end_of_record
TN:
SF:src\workers\stellar-tx-monitor.worker.ts
FN:18,(anonymous_2)
FN:27,(anonymous_3)
FNF:2
FNH:2
FNDA:10,(anonymous_2)
FNDA:10,(anonymous_3)
DA:1,1
DA:2,1
DA:4,1
DA:5,1
DA:6,1
DA:7,1
DA:15,1
DA:16,10
DA:19,10
DA:20,10
DA:21,10
DA:22,10
DA:24,10
DA:28,10
DA:29,10
DA:31,10
DA:33,10
DA:34,2
DA:35,2
DA:38,8
DA:39,4
DA:46,4
DA:52,4
DA:55,4
DA:62,4
DA:64,4
DA:69,4
DA:76,4
LF:28
LH:28
BRDA:33,0,0,2
BRDA:38,1,0,4
BRDA:38,1,1,4
BRDA:71,2,0,4
BRDA:71,2,1,0
BRF:5
BRH:4
end_of_record
